Build started 2017/6/4 21:16:07.
     1>Project "D:\workspace\VisualStudio\BitMap\BitMap\BitMap.vcxproj" on node 2 (Build target(s)).
     1>ClCompile:
         C:\Program Files (x86)\Microsoft Visual Studio 12.0\VC\bin\x86_amd64\CL.exe /c /Zi /nologo /W3 /WX- /Od /D WIN32 /D _DEBUG /D _CONSOLE /D _LIB /D _UNICODE /D UNICODE /Gm /EHsc /RTC1 /MDd /GS /fp:precise /Zc:wchar_t /Zc:forScope /Fo"x64\Debug\\" /Fd"x64\Debug\vc120.pdb" /Gd /TC /errorReport:prompt bitmap.c
         bitmap.c
     1>d:\workspace\visualstudio\bitmap\bitmap\bitmap.c(95): warning C4716: 'BitMap_Sum' : must return a value
     1>d:\workspace\visualstudio\bitmap\bitmap\bitmap.c(91): warning C4700: uninitialized local variable 's' used
         C:\Program Files (x86)\Microsoft Visual Studio 12.0\VC\bin\x86_amd64\CL.exe /c /Zi /nologo /W3 /WX- /Od /D WIN32 /D _DEBUG /D _CONSOLE /D _LIB /D _UNICODE /D UNICODE /Gm /EHsc /RTC1 /MDd /GS /fp:precise /Zc:wchar_t /Zc:forScope /Fo"x64\Debug\\" /Fd"x64\Debug\vc120.pdb" /Gd /TP /errorReport:prompt bitmap.h main.cpp
         main.cpp
         bitmap.h
         Generating Code...
       Link:
         C:\Program Files (x86)\Microsoft Visual Studio 12.0\VC\bin\x86_amd64\link.exe /ERRORREPORT:PROMPT /OUT:"D:\workspace\VisualStudio\BitMap\x64\Debug\BitMap.exe" /INCREMENTAL /NOLOGO kernel32.lib user32.lib gdi32.lib winspool.lib comdlg32.lib advapi32.lib shell32.lib ole32.lib oleaut32.lib uuid.lib odbc32.lib odbccp32.lib /MANIFEST /MANIFESTUAC:"level='asInvoker' uiAccess='false'" /manifest:embed /DEBUG /PDB:"D:\workspace\VisualStudio\BitMap\x64\Debug\BitMap.pdb" /SUBSYSTEM:CONSOLE /TLBID:1 /DYNAMICBASE /NXCOMPAT /IMPLIB:"D:\workspace\VisualStudio\BitMap\x64\Debug\BitMap.lib" /MACHINE:X64 x64\Debug\bitmap.obj
         x64\Debug\bitmap.obj
         x64\Debug\main.obj
     1>x64\Debug\bitmap.obj : warning LNK4042: object specified more than once; extras ignored
     1>main.obj : error LNK2019: unresolved external symbol BitMap_Create referenced in function main
     1>main.obj : error LNK2019: unresolved external symbol BitMap_CopyOf referenced in function main
     1>main.obj : error LNK2019: unresolved external symbol BitMap_Get referenced in function "void __cdecl printbitmap(struct BitMap_t const *)" (?printbitmap@@YAXPEBUBitMap_t@@@Z)
     1>main.obj : error LNK2019: unresolved external symbol BitMap_Set referenced in function main
     1>main.obj : error LNK2019: unresolved external symbol BitMap_Xor referenced in function main
     1>main.obj : error LNK2019: unresolved external symbol BitMap_Destroy referenced in function main
     1>D:\workspace\VisualStudio\BitMap\x64\Debug\BitMap.exe : fatal error LNK1120: 6 unresolved externals
     1>Done Building Project "D:\workspace\VisualStudio\BitMap\BitMap\BitMap.vcxproj" (Build target(s)) -- FAILED.

Build FAILED.

Time Elapsed 00:00:01.34
